This is pdfTeX, Version 3.141592653-2.6-1.40.22 (TeX Live 2022/dev/Debian) (preloaded format=pdflatex 2023.3.23)  25 APR 2023 16:30
entering extended mode
 restricted \write18 enabled.
 file:line:error style messages enabled.
 %&-line parsing enabled.
**/home/jinjin/intermediate_physics_experiment/photoluminescence/report/photoluminescence_report.tex
(/home/jinjin/intermediate_physics_experiment/photoluminescence/report/photoluminescence_report.tex
LaTeX2e <2021-11-15> patch level 1
L3 programming layer <2022-01-21> (/usr/share/texlive/texmf-dist/tex/latex/base/article.cls
Document Class: article 2021/10/04 v1.4n Standard LaTeX document class
(/usr/share/texlive/texmf-dist/tex/latex/base/size10.clo
File: size10.clo 2021/10/04 v1.4n Standard LaTeX file (size option)
)
\c@part=\count185
\c@section=\count186
\c@subsection=\count187
\c@subsubsection=\count188
\c@paragraph=\count189
\c@subparagraph=\count190
\c@figure=\count191
\c@table=\count192
\abovecaptionskip=\skip47
\belowcaptionskip=\skip48
\bibindent=\dimen138
) (/usr/share/texlive/texmf-dist/tex/latex/preprint/authblk.sty
Package: authblk 2001/02/27 1.3 (PWD)
\affilsep=\skip49
\@affilsep=\skip50
\c@Maxaffil=\count193
\c@authors=\count194
\c@affil=\count195
) (/usr/share/texlive/texmf-dist/tex/latex/base/fontenc.sty
Package: fontenc 2021/04/29 v2.0v Standard LaTeX package
) (/usr/share/texlive/texmf-dist/tex/latex/tools/indentfirst.sty
Package: indentfirst 1995/11/23 v1.03 Indent first paragraph (DPC)
) (/usr/share/texlive/texmf-dist/tex/latex/graphics/graphicx.sty
Package: graphicx 2021/09/16 v1.2d Enhanced LaTeX Graphics (DPC,SPQR)
 (/usr/share/texlive/texmf-dist/tex/latex/graphics/keyval.sty
Package: keyval 2014/10/28 v1.15 key=value parser (DPC)
\KV@toks@=\toks16
) (/usr/share/texlive/texmf-dist/tex/latex/graphics/graphics.sty
Package: graphics 2021/03/04 v1.4d Standard LaTeX Graphics (DPC,SPQR)
 (/usr/share/texlive/texmf-dist/tex/latex/graphics/trig.sty
Package: trig 2021/08/11 v1.11 sin cos tan (DPC)
) (/usr/share/texlive/texmf-dist/tex/latex/graphics-cfg/graphics.cfg
File: graphics.cfg 2016/06/04 v1.11 sample graphics configuration
)
Package graphics Info: Driver file: pdftex.def on input line 107.
 (/usr/share/texlive/texmf-dist/tex/latex/graphics-def/pdftex.def
File: pdftex.def 2020/10/05 v1.2a Graphics/color driver for pdftex
))
\Gin@req@height=\dimen139
\Gin@req@width=\dimen140
) (/usr/share/texlive/texmf-dist/tex/latex/amsmath/amsmath.sty
Package: amsmath 2021/10/15 v2.17l AMS math features
\@mathmargin=\skip51

For additional information on amsmath, use the `?' option.
(/usr/share/texlive/texmf-dist/tex/latex/amsmath/amstext.sty
Package: amstext 2021/08/26 v2.01 AMS text
 (/usr/share/texlive/texmf-dist/tex/latex/amsmath/amsgen.sty
File: amsgen.sty 1999/11/30 v2.0 generic functions
\@emptytoks=\toks17
\ex@=\dimen141
)) (/usr/share/texlive/texmf-dist/tex/latex/amsmath/amsbsy.sty
Package: amsbsy 1999/11/29 v1.2d Bold Symbols
\pmbraise@=\dimen142
) (/usr/share/texlive/texmf-dist/tex/latex/amsmath/amsopn.sty
Package: amsopn 2021/08/26 v2.02 operator names
)
\inf@bad=\count196
LaTeX Info: Redefining \frac on input line 234.
\uproot@=\count197
\leftroot@=\count198
LaTeX Info: Redefining \overline on input line 399.
\classnum@=\count199
\DOTSCASE@=\count266
LaTeX Info: Redefining \ldots on input line 496.
LaTeX Info: Redefining \dots on input line 499.
LaTeX Info: Redefining \cdots on input line 620.
\Mathstrutbox@=\box50
\strutbox@=\box51
\big@size=\dimen143
LaTeX Font Info:    Redeclaring font encoding OML on input line 743.
LaTeX Font Info:    Redeclaring font encoding OMS on input line 744.
\macc@depth=\count267
\c@MaxMatrixCols=\count268
\dotsspace@=\muskip16
\c@parentequation=\count269
\dspbrk@lvl=\count270
\tag@help=\toks18
\row@=\count271
\column@=\count272
\maxfields@=\count273
\andhelp@=\toks19
\eqnshift@=\dimen144
\alignsep@=\dimen145
\tagshift@=\dimen146
\tagwidth@=\dimen147
\totwidth@=\dimen148
\lineht@=\dimen149
\@envbody=\toks20
\multlinegap=\skip52
\multlinetaggap=\skip53
\mathdisplay@stack=\toks21
LaTeX Info: Redefining \[ on input line 2938.
LaTeX Info: Redefining \] on input line 2939.
) (/usr/share/texlive/texmf-dist/tex/latex/caption/caption.sty
Package: caption 2020/10/26 v3.5g Customizing captions (AR)
 (/usr/share/texlive/texmf-dist/tex/latex/caption/caption3.sty
Package: caption3 2020/10/21 v2.2e caption3 kernel (AR)
\captionmargin=\dimen150
\captionmargin@=\dimen151
\captionwidth=\dimen152
\caption@tempdima=\dimen153
\caption@indent=\dimen154
\caption@parindent=\dimen155
\caption@hangindent=\dimen156
Package caption Info: Standard document class detected.
)
\c@caption@flags=\count274
\c@continuedfloat=\count275
) (/usr/share/texlive/texmf-dist/tex/latex/hyperref/hyperref.sty
Package: hyperref 2021-06-07 v7.00m Hypertext links for LaTeX
 (/usr/share/texlive/texmf-dist/tex/generic/ltxcmds/ltxcmds.sty
Package: ltxcmds 2020-05-10 v1.25 LaTeX kernel commands for general use (HO)
) (/usr/share/texlive/texmf-dist/tex/generic/iftex/iftex.sty
Package: iftex 2020/03/06 v1.0d TeX engine tests
) (/usr/share/texlive/texmf-dist/tex/generic/pdftexcmds/pdftexcmds.sty
Package: pdftexcmds 2020-06-27 v0.33 Utility functions of pdfTeX for LuaTeX (HO)
 (/usr/share/texlive/texmf-dist/tex/generic/infwarerr/infwarerr.sty
Package: infwarerr 2019/12/03 v1.5 Providing info/warning/error messages (HO)
)
Package pdftexcmds Info: \pdf@primitive is available.
Package pdftexcmds Info: \pdf@ifprimitive is available.
Package pdftexcmds Info: \pdfdraftmode found.
) (/usr/share/texlive/texmf-dist/tex/generic/kvsetkeys/kvsetkeys.sty
Package: kvsetkeys 2019/12/15 v1.18 Key value parser (HO)
) (/usr/share/texlive/texmf-dist/tex/generic/kvdefinekeys/kvdefinekeys.sty
Package: kvdefinekeys 2019-12-19 v1.6 Define keys (HO)
) (/usr/share/texlive/texmf-dist/tex/generic/pdfescape/pdfescape.sty
Package: pdfescape 2019/12/09 v1.15 Implements pdfTeX's escape features (HO)
) (/usr/share/texlive/texmf-dist/tex/latex/hycolor/hycolor.sty
Package: hycolor 2020-01-27 v1.10 Color options for hyperref/bookmark (HO)
) (/usr/share/texlive/texmf-dist/tex/latex/letltxmacro/letltxmacro.sty
Package: letltxmacro 2019/12/03 v1.6 Let assignment for LaTeX macros (HO)
) (/usr/share/texlive/texmf-dist/tex/latex/auxhook/auxhook.sty
Package: auxhook 2019-12-17 v1.6 Hooks for auxiliary files (HO)
) (/usr/share/texlive/texmf-dist/tex/latex/kvoptions/kvoptions.sty
Package: kvoptions 2020-10-07 v3.14 Key value format for package options (HO)
)
\@linkdim=\dimen157
\Hy@linkcounter=\count276
\Hy@pagecounter=\count277
 (/usr/share/texlive/texmf-dist/tex/latex/hyperref/pd1enc.def
File: pd1enc.def 2021-06-07 v7.00m Hyperref: PDFDocEncoding definition (HO)
Now handling font encoding PD1 ...
... no UTF-8 mapping file for font encoding PD1
) (/usr/share/texlive/texmf-dist/tex/latex/hyperref/hyperref-langpatches.def
File: hyperref-langpatches.def 2021-06-07 v7.00m Hyperref: patches for babel languages
) (/usr/share/texlive/texmf-dist/tex/generic/intcalc/intcalc.sty
Package: intcalc 2019/12/15 v1.3 Expandable calculations with integers (HO)
) (/usr/share/texlive/texmf-dist/tex/generic/etexcmds/etexcmds.sty
Package: etexcmds 2019/12/15 v1.7 Avoid name clashes with e-TeX commands (HO)
)
\Hy@SavedSpaceFactor=\count278
 (/usr/share/texlive/texmf-dist/tex/latex/hyperref/puenc.def
File: puenc.def 2021-06-07 v7.00m Hyperref: PDF Unicode definition (HO)
Now handling font encoding PU ...
... no UTF-8 mapping file for font encoding PU
)
Package hyperref Info: Hyper figures OFF on input line 4192.
Package hyperref Info: Link nesting OFF on input line 4197.
Package hyperref Info: Hyper index ON on input line 4200.
Package hyperref Info: Plain pages OFF on input line 4207.
Package hyperref Info: Backreferencing OFF on input line 4212.
Package hyperref Info: Implicit mode ON; LaTeX internals redefined.
Package hyperref Info: Bookmarks ON on input line 4445.
\c@Hy@tempcnt=\count279
 (/usr/share/texlive/texmf-dist/tex/latex/url/url.sty
\Urlmuskip=\muskip17
Package: url 2013/09/16  ver 3.4  Verb mode for urls, etc.
)
LaTeX Info: Redefining \url on input line 4804.
\XeTeXLinkMargin=\dimen158
 (/usr/share/texlive/texmf-dist/tex/generic/bitset/bitset.sty
Package: bitset 2019/12/09 v1.3 Handle bit-vector datatype (HO)
 (/usr/share/texlive/texmf-dist/tex/generic/bigintcalc/bigintcalc.sty
Package: bigintcalc 2019/12/15 v1.5 Expandable calculations on big integers (HO)
))
\Fld@menulength=\count280
\Field@Width=\dimen159
\Fld@charsize=\dimen160
Package hyperref Info: Hyper figures OFF on input line 6076.
Package hyperref Info: Link nesting OFF on input line 6081.
Package hyperref Info: Hyper index ON on input line 6084.
Package hyperref Info: backreferencing OFF on input line 6091.
Package hyperref Info: Link coloring OFF on input line 6096.
Package hyperref Info: Link coloring with OCG OFF on input line 6101.
Package hyperref Info: PDF/A mode OFF on input line 6106.
LaTeX Info: Redefining \ref on input line 6146.
LaTeX Info: Redefining \pageref on input line 6150.
 (/usr/share/texlive/texmf-dist/tex/latex/base/atbegshi-ltx.sty
Package: atbegshi-ltx 2021/01/10 v1.0c Emulation of the original atbegshi
package with kernel methods
)
\Hy@abspage=\count281
\c@Item=\count282
\c@Hfootnote=\count283
)
Package hyperref Info: Driver (autodetected): hpdftex.
 (/usr/share/texlive/texmf-dist/tex/latex/hyperref/hpdftex.def
File: hpdftex.def 2021-06-07 v7.00m Hyperref driver for pdfTeX
 (/usr/share/texlive/texmf-dist/tex/latex/base/atveryend-ltx.sty
Package: atveryend-ltx 2020/08/19 v1.0a Emulation of the original atveryend package
with kernel methods
)
\Fld@listcount=\count284
\c@bookmark@seq@number=\count285
 (/usr/share/texlive/texmf-dist/tex/latex/rerunfilecheck/rerunfilecheck.sty
Package: rerunfilecheck 2019/12/05 v1.9 Rerun checks for auxiliary files (HO)
 (/usr/share/texlive/texmf-dist/tex/generic/uniquecounter/uniquecounter.sty
Package: uniquecounter 2019/12/15 v1.4 Provide unlimited unique counter (HO)
)
Package uniquecounter Info: New unique counter `rerunfilecheck' on input line 286.
)
\Hy@SectionHShift=\skip54
) (/usr/share/texlive/texmf-dist/tex/latex/float/float.sty
Package: float 2001/11/08 v1.3d Float enhancements (AL)
\c@float@type=\count286
\float@exts=\toks22
\float@box=\box52
\@float@everytoks=\toks23
\@floatcapt=\box53
) (/usr/share/texlive/texmf-dist/tex/latex/caption/subcaption.sty
Package: subcaption 2020/10/07 v1.3j Sub-captions (AR)
\c@subfigure=\count287
\c@subtable=\count288
) (/usr/share/texlive/texmf-dist/tex/latex/l3backend/l3backend-pdftex.def
File: l3backend-pdftex.def 2022-01-12 L3 backend support: PDF output (pdfTeX)
\l__color_backend_stack_int=\count289
\l__pdf_internal_box=\box54
) (./photoluminescence_report.aux)
\openout1 = `photoluminescence_report.aux'.

LaTeX Font Info:    Checking defaults for OML/cmm/m/it on input line 15.
LaTeX Font Info:    ... okay on input line 15.
LaTeX Font Info:    Checking defaults for OMS/cmsy/m/n on input line 15.
LaTeX Font Info:    ... okay on input line 15.
LaTeX Font Info:    Checking defaults for OT1/cmr/m/n on input line 15.
LaTeX Font Info:    ... okay on input line 15.
LaTeX Font Info:    Checking defaults for T1/cmr/m/n on input line 15.
LaTeX Font Info:    ... okay on input line 15.
LaTeX Font Info:    Checking defaults for TS1/cmr/m/n on input line 15.
LaTeX Font Info:    ... okay on input line 15.
LaTeX Font Info:    Checking defaults for OMX/cmex/m/n on input line 15.
LaTeX Font Info:    ... okay on input line 15.
LaTeX Font Info:    Checking defaults for U/cmr/m/n on input line 15.
LaTeX Font Info:    ... okay on input line 15.
LaTeX Font Info:    Checking defaults for PD1/pdf/m/n on input line 15.
LaTeX Font Info:    ... okay on input line 15.
LaTeX Font Info:    Checking defaults for PU/pdf/m/n on input line 15.
LaTeX Font Info:    ... okay on input line 15.
 (/usr/share/texlive/texmf-dist/tex/context/base/mkii/supp-pdf.mkii
[Loading MPS to PDF converter (version 2006.09.02).]
\scratchcounter=\count290
\scratchdimen=\dimen161
\scratchbox=\box55
\nofMPsegments=\count291
\nofMParguments=\count292
\everyMPshowfont=\toks24
\MPscratchCnt=\count293
\MPscratchDim=\dimen162
\MPnumerator=\count294
\makeMPintoPDFobject=\count295
\everyMPtoPDFconversion=\toks25
) (/usr/share/texlive/texmf-dist/tex/latex/epstopdf-pkg/epstopdf-base.sty
Package: epstopdf-base 2020-01-24 v2.11 Base part for package epstopdf
Package epstopdf-base Info: Redefining graphics rule for `.eps' on input line 485.
 (/usr/share/texlive/texmf-dist/tex/latex/latexconfig/epstopdf-sys.cfg
File: epstopdf-sys.cfg 2010/07/13 v1.3 Configuration of (r)epstopdf for TeX Live
))
Package caption Info: Begin \AtBeginDocument code.
Package caption Info: float package is loaded.
Package caption Info: hyperref package is loaded.
Package caption Info: End \AtBeginDocument code.
Package hyperref Info: Link coloring OFF on input line 15.
 (/usr/share/texlive/texmf-dist/tex/latex/hyperref/nameref.sty
Package: nameref 2021-04-02 v2.47 Cross-referencing by name of section
 (/usr/share/texlive/texmf-dist/tex/latex/refcount/refcount.sty
Package: refcount 2019/12/15 v3.6 Data extraction from label references (HO)
) (/usr/share/texlive/texmf-dist/tex/generic/gettitlestring/gettitlestring.sty
Package: gettitlestring 2019/12/15 v1.6 Cleanup title references (HO)
)
\c@section@level=\count296
)
LaTeX Info: Redefining \ref on input line 15.
LaTeX Info: Redefining \pageref on input line 15.
LaTeX Info: Redefining \nameref on input line 15.
 (./photoluminescence_report.out) (./photoluminescence_report.out)
\@outlinefile=\write3
\openout3 = `photoluminescence_report.out'.

<../results/intro_energy_absortion.png, id=52, 189.70876pt x 189.70876pt>
File: ../results/intro_energy_absortion.png Graphic file (type png)
<use ../results/intro_energy_absortion.png>
Package pdftex.def Info: ../results/intro_energy_absortion.png  used on input line 48.
(pdftex.def)             Requested size: 113.81102pt x 113.81165pt.
<../results/intro_energy_emission.png, id=54, 259.7203pt x 266.49562pt>
File: ../results/intro_energy_emission.png Graphic file (type png)
<use ../results/intro_energy_emission.png>
Package pdftex.def Info: ../results/intro_energy_emission.png  used on input line 54.
(pdftex.def)             Requested size: 113.81102pt x 116.7786pt.
<../results/Ruby(170.0)_raw_fig.png, id=57, 433.62pt x 289.08pt>
File: ../results/Ruby(170.0)_raw_fig.png Graphic file (type png)
<use ../results/Ruby(170.0)_raw_fig.png>
Package pdftex.def Info: ../results/Ruby(170.0)_raw_fig.png  used on input line 64.
(pdftex.def)             Requested size: 227.62204pt x 151.74721pt.
 [1

{/var/lib/texmf/fonts/map/pdftex/updmap/pdftex.map}] [2 <../results/intro_energy_absortion.png> <../results/intro_energy_emission.png> <../results/Ruby(170.0)_raw_fig.png>] [3]
<../results/ruby_band_diagram.png, id=112, 367.3725pt x 420.82219pt>
File: ../results/ruby_band_diagram.png Graphic file (type png)
<use ../results/ruby_band_diagram.png>
Package pdftex.def Info: ../results/ruby_band_diagram.png  used on input line 138.
(pdftex.def)             Requested size: 170.71652pt x 195.55829pt.
 [4 <../results/ruby_band_diagram.png>]
<../results/Rhodamin_structure.png, id=124, 551.81157pt x 323.70938pt>
File: ../results/Rhodamin_structure.png Graphic file (type png)
<use ../results/Rhodamin_structure.png>
Package pdftex.def Info: ../results/Rhodamin_structure.png  used on input line 158.
(pdftex.def)             Requested size: 170.71652pt x 100.14635pt.
<../results/Rhodamine_homo_lumo.png, id=128, 271.0125pt x 572.89032pt>
File: ../results/Rhodamine_homo_lumo.png Graphic file (type png)
<use ../results/Rhodamine_homo_lumo.png>
Package pdftex.def Info: ../results/Rhodamine_homo_lumo.png  used on input line 171.
(pdftex.def)             Requested size: 113.81102pt x 240.58606pt.
 [5 <../results/Rhodamin_structure.png>]
<../results/spectrograph_sketch.png, id=148, 194.22563pt x 224.33812pt>
File: ../results/spectrograph_sketch.png Graphic file (type png)
<use ../results/spectrograph_sketch.png>
Package pdftex.def Info: ../results/spectrograph_sketch.png  used on input line 209.
(pdftex.def)             Requested size: 85.35826pt x 98.59268pt.
<../results/total_module_sketch.png, id=149, 609.02531pt x 323.70938pt>
File: ../results/total_module_sketch.png Graphic file (type png)
<use ../results/total_module_sketch.png>
Package pdftex.def Info: ../results/total_module_sketch.png  used on input line 215.
(pdftex.def)             Requested size: 170.71652pt x 90.73679pt.
 [6 <../results/Rhodamine_homo_lumo.png>]
LaTeX Font Info:    Trying to load font information for T1+cmtt on input line 243.
 (/usr/share/texlive/texmf-dist/tex/latex/base/t1cmtt.fd
File: t1cmtt.fd 2019/12/16 v2.5j Standard LaTeX font definitions
)
Overfull \hbox (76.38354pt too wide) in paragraph at lines 240--253
 [][] 
 []

[7 <../results/spectrograph_sketch.png> <../results/total_module_sketch.png>]
<../results/Ruby s5-1_raw_fig.png, id=178, 433.62pt x 289.08pt>
File: ../results/Ruby s5-1_raw_fig.png Graphic file (type png)
<use ../results/Ruby s5-1_raw_fig.png>
Package pdftex.def Info: ../results/Ruby s5-1_raw_fig.png  used on input line 271.
(pdftex.def)             Requested size: 170.71652pt x 113.8126pt.
<../results/Ruby s30-1_raw_fig.png, id=179, 433.62pt x 289.08pt>
File: ../results/Ruby s30-1_raw_fig.png Graphic file (type png)
<use ../results/Ruby s30-1_raw_fig.png>
Package pdftex.def Info: ../results/Ruby s30-1_raw_fig.png  used on input line 277.
(pdftex.def)             Requested size: 170.71652pt x 113.8126pt.
<../results/R6G(1)_raw_fig.png, id=182, 433.62pt x 289.08pt>
File: ../results/R6G(1)_raw_fig.png Graphic file (type png)
<use ../results/R6G(1)_raw_fig.png>
Package pdftex.def Info: ../results/R6G(1)_raw_fig.png  used on input line 295.
(pdftex.def)             Requested size: 170.71652pt x 113.8126pt.
<../results/R6G(1)_gaussian_fitted_fig.png, id=183, 433.62pt x 289.08pt>
File: ../results/R6G(1)_gaussian_fitted_fig.png Graphic file (type png)
<use ../results/R6G(1)_gaussian_fitted_fig.png>
Package pdftex.def Info: ../results/R6G(1)_gaussian_fitted_fig.png  used on input line 301.
(pdftex.def)             Requested size: 170.71652pt x 113.8126pt.
 [8 <../results/Ruby s5-1_raw_fig.png> <../results/Ruby s30-1_raw_fig.png>]
<../results/R6G_total_fig.png, id=203, 462.528pt x 346.896pt>
File: ../results/R6G_total_fig.png Graphic file (type png)
<use ../results/R6G_total_fig.png>
Package pdftex.def Info: ../results/R6G_total_fig.png  used on input line 339.
(pdftex.def)             Requested size: 170.71652pt x 128.0372pt.
<../results/Raman_shift.png, id=204, 365.11406pt x 254.45062pt>
File: ../results/Raman_shift.png Graphic file (type png)
<use ../results/Raman_shift.png>
Package pdftex.def Info: ../results/Raman_shift.png  used on input line 345.
(pdftex.def)             Requested size: 170.71652pt x 118.97447pt.
 [9 <../results/R6G(1)_raw_fig.png> <../results/R6G(1)_gaussian_fitted_fig.png> <../results/R6G_total_fig.png> <../results/Raman_shift.png>]
<../results/Ruby(260.0)_voigt_fitted_fig.png, id=216, 433.62pt x 289.08pt>
File: ../results/Ruby(260.0)_voigt_fitted_fig.png Graphic file (type png)
<use ../results/Ruby(260.0)_voigt_fitted_fig.png>
Package pdftex.def Info: ../results/Ruby(260.0)_voigt_fitted_fig.png  used on input line 373.
(pdftex.def)             Requested size: 170.71652pt x 113.8126pt.
<../results/Ruby(190.0)_voigt_fitted_fig.png, id=217, 433.62pt x 289.08pt>
File: ../results/Ruby(190.0)_voigt_fitted_fig.png Graphic file (type png)
<use ../results/Ruby(190.0)_voigt_fitted_fig.png>
Package pdftex.def Info: ../results/Ruby(190.0)_voigt_fitted_fig.png  used on input line 379.
(pdftex.def)             Requested size: 170.71652pt x 113.8126pt.
<../results/Ruby(100.0)_voigt_fitted_fig.png, id=218, 433.62pt x 289.08pt>
File: ../results/Ruby(100.0)_voigt_fitted_fig.png Graphic file (type png)
<use ../results/Ruby(100.0)_voigt_fitted_fig.png>
Package pdftex.def Info: ../results/Ruby(100.0)_voigt_fitted_fig.png  used on input line 385.
(pdftex.def)             Requested size: 170.71652pt x 113.8126pt.
<../results/Ruby(9.2)_voigt_fitted_fig.png, id=219, 433.62pt x 289.08pt>
File: ../results/Ruby(9.2)_voigt_fitted_fig.png Graphic file (type png)
<use ../results/Ruby(9.2)_voigt_fitted_fig.png>
Package pdftex.def Info: ../results/Ruby(9.2)_voigt_fitted_fig.png  used on input line 391.
(pdftex.def)             Requested size: 170.71652pt x 113.8126pt.
<../results/Ruby_temperature_peak_fig.png, id=226, 578.16pt x 289.08pt>
File: ../results/Ruby_temperature_peak_fig.png Graphic file (type png)
<use ../results/Ruby_temperature_peak_fig.png>
Package pdftex.def Info: ../results/Ruby_temperature_peak_fig.png  used on input line 428.
(pdftex.def)             Requested size: 170.71652pt x 85.35725pt.
<../results/Ruby_temperature_width_fig.png, id=227, 578.16pt x 289.08pt>
File: ../results/Ruby_temperature_width_fig.png Graphic file (type png)
<use ../results/Ruby_temperature_width_fig.png>
Package pdftex.def Info: ../results/Ruby_temperature_width_fig.png  used on input line 434.
(pdftex.def)             Requested size: 170.71652pt x 85.35725pt.
 [10]
<../results/Ruby_temperature_height_ratio_fig.png, id=238, 433.62pt x 289.08pt>
File: ../results/Ruby_temperature_height_ratio_fig.png Graphic file (type png)
<use ../results/Ruby_temperature_height_ratio_fig.png>
Package pdftex.def Info: ../results/Ruby_temperature_height_ratio_fig.png  used on input line 459.
(pdftex.def)             Requested size: 170.71652pt x 113.8126pt.
<../results/Ruby_temperature_height_ratio_loglog_fig.png, id=239, 433.62pt x 289.08pt>
File: ../results/Ruby_temperature_height_ratio_loglog_fig.png Graphic file (type png)
<use ../results/Ruby_temperature_height_ratio_loglog_fig.png>
Package pdftex.def Info: ../results/Ruby_temperature_height_ratio_loglog_fig.png  used on input line 465.
(pdftex.def)             Requested size: 170.71652pt x 113.8126pt.
 [11 <../results/Ruby(260.0)_voigt_fitted_fig.png> <../results/Ruby(190.0)_voigt_fitted_fig.png> <../results/Ruby(100.0)_voigt_fitted_fig.png> <../results/Ruby(9.2)_voigt_fitted_fig.png>] (./photoluminescence_report.bbl
Overfull \hbox (55.04242pt too wide) in paragraph at lines 4--8
\T1/cmr/m/n/10 http://www.724pridecryogenics.com/en/uploadfile/product/2018053111290290611.pdf. 
 []

[12 <../results/Ruby_temperature_peak_fig.png> <../results/Ruby_temperature_width_fig.png> <../results/Ruby_temperature_height_ratio_fig.png> <../results/Ruby_temperature_height_ratio_loglog_fig.png>]
Overfull \hbox (12.13623pt too wide) in paragraph at lines 29--33
\T1/cmr/m/n/10 https://andor.oxinst.com/assets/uploads/products/andor/documents/andor-
 []


Overfull \hbox (6.66534pt too wide) in paragraph at lines 49--52
\T1/cmr/m/n/10 http://www.dwoptron.com/yc/data/item/1467027407/Monochromator.pdf. 
 []


Overfull \hbox (87.36218pt too wide) in paragraph at lines 54--57
[]\T1/cmr/m/n/10 sigma aldrich.  Rho-damine 6g.  https://www.sigmaaldrich.com/KR/ko/product/aldrich/252433. 
 []

) [13] (./photoluminescence_report.aux)
Package rerunfilecheck Info: File `photoluminescence_report.out' has not changed.
(rerunfilecheck)             Checksum: 22C06D1B5137C79EE5D3879FB06D47DC;1675.
 ) 
Here is how much of TeX's memory you used:
 10772 strings out of 478287
 177187 string characters out of 5849289
 463847 words of memory out of 5000000
 28758 multiletter control sequences out of 15000+600000
 481041 words of font info for 53 fonts, out of 8000000 for 9000
 1141 hyphenation exceptions out of 8191
 60i,10n,63p,409b,497s stack positions out of 5000i,500n,10000p,200000b,80000s
{/usr/share/texmf/fonts/enc/dvips/cm-super/cm-super-t1.enc}</usr/share/texlive/texmf-dist/fonts/type1/public/amsfonts/cm/cmex10.pfb></usr/share/texlive/texmf-dist/fonts/type1/public/amsfonts/cm/cmmi10.pfb></usr/share/texlive/texmf-dist/fonts/type1/public/amsfonts/cm/cmmi5.pfb></usr/share/texlive/texmf-dist/fonts/type1/public/amsfonts/cm/cmmi7.pfb></usr/share/texlive/texmf-dist/fonts/type1/public/amsfonts/cm/cmr10.pfb></usr/share/texlive/texmf-dist/fonts/type1/public/amsfonts/cm/cmr5.pfb></usr/share/texlive/texmf-dist/fonts/type1/public/amsfonts/cm/cmr7.pfb></usr/share/texlive/texmf-dist/fonts/type1/public/amsfonts/cm/cmsy10.pfb></usr/share/texlive/texmf-dist/fonts/type1/public/amsfonts/cm/cmsy5.pfb></usr/share/texlive/texmf-dist/fonts/type1/public/amsfonts/cm/cmsy7.pfb></usr/share/texmf/fonts/type1/public/cm-super/sfbx0900.pfb></usr/share/texmf/fonts/type1/public/cm-super/sfbx1200.pfb></usr/share/texmf/fonts/type1/public/cm-super/sfbx1440.pfb></usr/share/texmf/fonts/type1/public/cm-super/sfrm0800.pfb></usr/share/texmf/fonts/type1/public/cm-super/sfrm0900.pfb></usr/share/texmf/fonts/type1/public/cm-super/sfrm1000.pfb></usr/share/texmf/fonts/type1/public/cm-super/sfrm1200.pfb></usr/share/texmf/fonts/type1/public/cm-super/sfrm1728.pfb></usr/share/texmf/fonts/type1/public/cm-super/sfti1000.pfb></usr/share/texmf/fonts/type1/public/cm-super/sftt1000.pfb>
Output written on photoluminescence_report.pdf (13 pages, 1018088 bytes).
PDF statistics:
 366 PDF objects out of 1000 (max. 8388607)
 256 compressed objects within 3 object streams
 59 named destinations out of 1000 (max. 500000)
 207 words of extra memory for PDF output out of 10000 (max. 10000000)

